<?xml version="1.0" encoding="UTF-8"?>
<testng-results ignored="0" total="1" passed="1" failed="0" skipped="0">
  <reporter-output>
  </reporter-output>
  <suite started-at="2024-07-16T19:35:45 IST" name="Default suite" finished-at="2024-07-16T19:36:03 IST" duration-ms="18596">
    <groups>
    </groups>
    <test started-at="2024-07-16T19:35:45 IST" name="Default test" finished-at="2024-07-16T19:36:03 IST" duration-ms="18596">
      <class name="Aera.TestScripts03">
        <test-method signature="testscripts()[pri:0, instance:Aera.TestScripts03@7e7be63f]" started-at="2024-07-16T19:35:45 IST" name="testscripts" finished-at="2024-07-16T19:36:03 IST" duration-ms="18550" status="PASS">
          <reporter-output>
          </reporter-output>
        </test-method> <!-- testscripts -->
      </class> <!-- Aera.TestScripts03 -->
    </test> <!-- Default test -->
  </suite> <!-- Default suite -->
</testng-results>
